20160229-14:13:50: Session FIX.4.4:FIXInitiator->FIXAcceptor schedule is daily, 00:00:00-UTC - 00:00:00-UTC
20160229-14:13:50: Created session: FIX.4.4:FIXInitiator->FIXAcceptor
20160229-14:26:40: Session FIX.4.4:FIXInitiator->FIXAcceptor schedule is daily, 00:00:00-UTC - 00:00:00-UTC
20160229-14:26:40: Created session: FIX.4.4:FIXInitiator->FIXAcceptor
20160229-14:26:41: Initiated logon request
20160229-14:26:41: Received logon
20160229-14:27:48: Session FIX.4.4:FIXInitiator->FIXAcceptor schedule is daily, 00:00:00-UTC - 00:00:00-UTC
20160229-14:27:48: Created session: FIX.4.4:FIXInitiator->FIXAcceptor
20160229-14:27:49: Initiated logon request
20160229-14:27:49: Received logon
20160229-14:34:11: Session FIX.4.4:FIXInitiator->FIXAcceptor schedule is daily, 00:00:00-UTC - 00:00:00-UTC
20160229-14:34:11: Created session: FIX.4.4:FIXInitiator->FIXAcceptor
20160229-14:34:12: Initiated logon request
20160229-14:34:12: Received logon
20160229-14:45:14: Session FIX.4.4:FIXInitiator->FIXAcceptor schedule is daily, 00:00:00-UTC - 00:00:00-UTC
20160229-14:45:14: Created session: FIX.4.4:FIXInitiator->FIXAcceptor
20160229-14:45:15: java.net.ConnectException: java.net.ConnectException: Connection refused (Next retry in 0 milliseconds)
20160229-14:45:16: java.net.ConnectException: java.net.ConnectException: Connection refused (Next retry in 0 milliseconds)
20160229-14:45:17: java.net.ConnectException: java.net.ConnectException: Connection refused (Next retry in 0 milliseconds)
20160229-14:45:18: java.net.ConnectException: java.net.ConnectException: Connection refused (Next retry in 0 milliseconds)
20160229-14:45:19: java.net.ConnectException: java.net.ConnectException: Connection refused (Next retry in 0 milliseconds)
20160229-14:45:20: java.net.ConnectException: java.net.ConnectException: Connection refused (Next retry in 0 milliseconds)
20160229-14:45:21: java.net.ConnectException: java.net.ConnectException: Connection refused (Next retry in 0 milliseconds)
20160229-14:45:22: java.net.ConnectException: java.net.ConnectException: Connection refused (Next retry in 0 milliseconds)
20160229-14:45:23: java.net.ConnectException: java.net.ConnectException: Connection refused (Next retry in 0 milliseconds)
20160229-14:45:24: java.net.ConnectException: java.net.ConnectException: Connection refused (Next retry in 0 milliseconds)
20160229-14:45:25: java.net.ConnectException: java.net.ConnectException: Connection refused (Next retry in 0 milliseconds)
20160229-14:45:26: java.net.ConnectException: java.net.ConnectException: Connection refused (Next retry in 0 milliseconds)
20160229-14:45:27: java.net.ConnectException: java.net.ConnectException: Connection refused (Next retry in 0 milliseconds)
20160229-14:45:28: java.net.ConnectException: java.net.ConnectException: Connection refused (Next retry in 0 milliseconds)
20160229-14:45:29: java.net.ConnectException: java.net.ConnectException: Connection refused (Next retry in 0 milliseconds)
20160229-14:45:30: java.net.ConnectException: java.net.ConnectException: Connection refused (Next retry in 0 milliseconds)
20160229-14:45:31: java.net.ConnectException: java.net.ConnectException: Connection refused (Next retry in 0 milliseconds)
20160229-14:45:32: java.net.ConnectException: java.net.ConnectException: Connection refused (Next retry in 0 milliseconds)
20160229-14:45:33: java.net.ConnectException: java.net.ConnectException: Connection refused (Next retry in 0 milliseconds)
20160229-14:45:34: java.net.ConnectException: java.net.ConnectException: Connection refused (Next retry in 0 milliseconds)
20160229-14:45:35: java.net.ConnectException: java.net.ConnectException: Connection refused (Next retry in 0 milliseconds)
20160229-14:45:36: java.net.ConnectException: java.net.ConnectException: Connection refused (Next retry in 0 milliseconds)
20160229-14:45:37: java.net.ConnectException: java.net.ConnectException: Connection refused (Next retry in 0 milliseconds)
20160229-14:45:38: java.net.ConnectException: java.net.ConnectException: Connection refused (Next retry in 0 milliseconds)
20160229-14:45:39: java.net.ConnectException: java.net.ConnectException: Connection refused (Next retry in 0 milliseconds)
20160229-14:45:40: java.net.ConnectException: java.net.ConnectException: Connection refused (Next retry in 0 milliseconds)
20160229-14:45:41: java.net.ConnectException: java.net.ConnectException: Connection refused (Next retry in 0 milliseconds)
20160229-14:45:42: java.net.ConnectException: java.net.ConnectException: Connection refused (Next retry in 0 milliseconds)
20160229-14:45:43: java.net.ConnectException: java.net.ConnectException: Connection refused (Next retry in 0 milliseconds)
20160229-14:45:44: java.net.ConnectException: java.net.ConnectException: Connection refused (Next retry in 0 milliseconds)
20160229-14:45:45: java.net.ConnectException: java.net.ConnectException: Connection refused (Next retry in 0 milliseconds)
20160229-14:45:46: java.net.ConnectException: java.net.ConnectException: Connection refused (Next retry in 0 milliseconds)
20160229-14:45:47: java.net.ConnectException: java.net.ConnectException: Connection refused (Next retry in 0 milliseconds)
20160229-14:45:48: java.net.ConnectException: java.net.ConnectException: Connection refused (Next retry in 0 milliseconds)
20160229-14:45:49: java.net.ConnectException: java.net.ConnectException: Connection refused (Next retry in 0 milliseconds)
20160229-14:45:50: java.net.ConnectException: java.net.ConnectException: Connection refused (Next retry in 0 milliseconds)
20160229-14:45:51: java.net.ConnectException: java.net.ConnectException: Connection refused (Next retry in 0 milliseconds)
20160229-14:45:52: java.net.ConnectException: java.net.ConnectException: Connection refused (Next retry in 0 milliseconds)
20160229-14:45:53: java.net.ConnectException: java.net.ConnectException: Connection refused (Next retry in 0 milliseconds)
20160229-14:45:54: java.net.ConnectException: java.net.ConnectException: Connection refused (Next retry in 0 milliseconds)
20160229-14:45:55: java.net.ConnectException: java.net.ConnectException: Connection refused (Next retry in 0 milliseconds)
20160229-14:45:56: java.net.ConnectException: java.net.ConnectException: Connection refused (Next retry in 0 milliseconds)
20160229-14:45:57: java.net.ConnectException: java.net.ConnectException: Connection refused (Next retry in 0 milliseconds)
20160229-14:45:58: java.net.ConnectException: java.net.ConnectException: Connection refused (Next retry in 0 milliseconds)
20160229-14:45:59: java.net.ConnectException: java.net.ConnectException: Connection refused (Next retry in 0 milliseconds)
20160229-14:46:00: java.net.ConnectException: java.net.ConnectException: Connection refused (Next retry in 0 milliseconds)
20160229-14:46:01: java.net.ConnectException: java.net.ConnectException: Connection refused (Next retry in 0 milliseconds)
20160229-14:46:02: java.net.ConnectException: java.net.ConnectException: Connection refused (Next retry in 0 milliseconds)
20160229-14:46:03: java.net.ConnectException: java.net.ConnectException: Connection refused (Next retry in 0 milliseconds)
20160229-14:46:04: java.net.ConnectException: java.net.ConnectException: Connection refused (Next retry in 0 milliseconds)
20160229-14:46:05: java.net.ConnectException: java.net.ConnectException: Connection refused (Next retry in 0 milliseconds)
20160229-14:46:06: java.net.ConnectException: java.net.ConnectException: Connection refused (Next retry in 0 milliseconds)
20160229-14:46:07: java.net.ConnectException: java.net.ConnectException: Connection refused (Next retry in 0 milliseconds)
20160229-14:46:08: java.net.ConnectException: java.net.ConnectException: Connection refused (Next retry in 0 milliseconds)
20160229-14:46:09: java.net.ConnectException: java.net.ConnectException: Connection refused (Next retry in 0 milliseconds)
20160229-14:46:10: java.net.ConnectException: java.net.ConnectException: Connection refused (Next retry in 0 milliseconds)
20160229-14:46:11: java.net.ConnectException: java.net.ConnectException: Connection refused (Next retry in 0 milliseconds)
20160229-14:46:12: java.net.ConnectException: java.net.ConnectException: Connection refused (Next retry in 0 milliseconds)
20160229-14:46:13: java.net.ConnectException: java.net.ConnectException: Connection refused (Next retry in 0 milliseconds)
20160229-14:46:14: java.net.ConnectException: java.net.ConnectException: Connection refused (Next retry in 0 milliseconds)
20160229-14:46:15: java.net.ConnectException: java.net.ConnectException: Connection refused (Next retry in 0 milliseconds)
20160229-14:46:16: java.net.ConnectException: java.net.ConnectException: Connection refused (Next retry in 0 milliseconds)
20160229-14:46:17: java.net.ConnectException: java.net.ConnectException: Connection refused (Next retry in 0 milliseconds)
20160229-14:46:18: java.net.ConnectException: java.net.ConnectException: Connection refused (Next retry in 0 milliseconds)
20160229-14:46:19: java.net.ConnectException: java.net.ConnectException: Connection refused (Next retry in 0 milliseconds)
20160229-14:46:20: java.net.ConnectException: java.net.ConnectException: Connection refused (Next retry in 0 milliseconds)
20160229-14:46:21: java.net.ConnectException: java.net.ConnectException: Connection refused (Next retry in 0 milliseconds)
20160229-14:46:22: java.net.ConnectException: java.net.ConnectException: Connection refused (Next retry in 0 milliseconds)
20160229-14:46:23: java.net.ConnectException: java.net.ConnectException: Connection refused (Next retry in 0 milliseconds)
20160229-14:46:24: java.net.ConnectException: java.net.ConnectException: Connection refused (Next retry in 0 milliseconds)
20160229-14:46:25: java.net.ConnectException: java.net.ConnectException: Connection refused (Next retry in 0 milliseconds)
20160229-14:46:26: java.net.ConnectException: java.net.ConnectException: Connection refused (Next retry in 0 milliseconds)
20160229-14:46:27: java.net.ConnectException: java.net.ConnectException: Connection refused (Next retry in 0 milliseconds)
20160229-14:46:28: java.net.ConnectException: java.net.ConnectException: Connection refused (Next retry in 0 milliseconds)
20160229-14:46:29: java.net.ConnectException: java.net.ConnectException: Connection refused (Next retry in 0 milliseconds)
20160229-14:46:30: java.net.ConnectException: java.net.ConnectException: Connection refused (Next retry in 0 milliseconds)
20160229-14:46:31: java.net.ConnectException: java.net.ConnectException: Connection refused (Next retry in 0 milliseconds)
20160229-14:46:32: java.net.ConnectException: java.net.ConnectException: Connection refused (Next retry in 0 milliseconds)
20160229-14:46:33: java.net.ConnectException: java.net.ConnectException: Connection refused (Next retry in 0 milliseconds)
20160229-14:46:34: java.net.ConnectException: java.net.ConnectException: Connection refused (Next retry in 0 milliseconds)
20160229-14:46:35: java.net.ConnectException: java.net.ConnectException: Connection refused (Next retry in 0 milliseconds)
20160229-14:46:36: java.net.ConnectException: java.net.ConnectException: Connection refused (Next retry in 0 milliseconds)
20160229-14:46:37: java.net.ConnectException: java.net.ConnectException: Connection refused (Next retry in 0 milliseconds)
20160229-14:46:38: java.net.ConnectException: java.net.ConnectException: Connection refused (Next retry in 0 milliseconds)
20160229-14:46:39: java.net.ConnectException: java.net.ConnectException: Connection refused (Next retry in 0 milliseconds)
20160229-14:46:40: java.net.ConnectException: java.net.ConnectException: Connection refused (Next retry in 0 milliseconds)
20160229-14:46:41: java.net.ConnectException: java.net.ConnectException: Connection refused (Next retry in 0 milliseconds)
20160229-14:46:42: java.net.ConnectException: java.net.ConnectException: Connection refused (Next retry in 0 milliseconds)
20160229-14:46:43: java.net.ConnectException: java.net.ConnectException: Connection refused (Next retry in 0 milliseconds)
20160229-14:46:44: java.net.ConnectException: java.net.ConnectException: Connection refused (Next retry in 0 milliseconds)
20160229-14:46:45: java.net.ConnectException: java.net.ConnectException: Connection refused (Next retry in 0 milliseconds)
20160229-14:46:46: java.net.ConnectException: java.net.ConnectException: Connection refused (Next retry in 0 milliseconds)
20160229-14:46:47: java.net.ConnectException: java.net.ConnectException: Connection refused (Next retry in 0 milliseconds)
20160229-14:46:48: java.net.ConnectException: java.net.ConnectException: Connection refused (Next retry in 0 milliseconds)
20160229-14:46:49: java.net.ConnectException: java.net.ConnectException: Connection refused (Next retry in 0 milliseconds)
20160229-14:46:50: java.net.ConnectException: java.net.ConnectException: Connection refused (Next retry in 0 milliseconds)
20160229-14:46:51: java.net.ConnectException: java.net.ConnectException: Connection refused (Next retry in 0 milliseconds)
20160229-14:46:52: java.net.ConnectException: java.net.ConnectException: Connection refused (Next retry in 0 milliseconds)
20160229-14:46:53: java.net.ConnectException: java.net.ConnectException: Connection refused (Next retry in 0 milliseconds)
20160229-14:46:54: java.net.ConnectException: java.net.ConnectException: Connection refused (Next retry in 0 milliseconds)
20160229-14:46:55: java.net.ConnectException: java.net.ConnectException: Connection refused (Next retry in 0 milliseconds)
20160229-14:46:56: java.net.ConnectException: java.net.ConnectException: Connection refused (Next retry in 0 milliseconds)
20160229-14:46:57: java.net.ConnectException: java.net.ConnectException: Connection refused (Next retry in 0 milliseconds)
20160229-14:46:58: java.net.ConnectException: java.net.ConnectException: Connection refused (Next retry in 0 milliseconds)
20160229-14:46:59: java.net.ConnectException: java.net.ConnectException: Connection refused (Next retry in 0 milliseconds)
20160229-14:47:00: java.net.ConnectException: java.net.ConnectException: Connection refused (Next retry in 0 milliseconds)
20160229-14:47:01: java.net.ConnectException: java.net.ConnectException: Connection refused (Next retry in 0 milliseconds)
20160229-14:47:02: java.net.ConnectException: java.net.ConnectException: Connection refused (Next retry in 0 milliseconds)
20160229-14:47:03: java.net.ConnectException: java.net.ConnectException: Connection refused (Next retry in 0 milliseconds)
20160229-14:47:04: java.net.ConnectException: java.net.ConnectException: Connection refused (Next retry in 0 milliseconds)
20160229-14:47:05: java.net.ConnectException: java.net.ConnectException: Connection refused (Next retry in 0 milliseconds)
20160229-14:47:06: java.net.ConnectException: java.net.ConnectException: Connection refused (Next retry in 0 milliseconds)
20160229-14:47:07: java.net.ConnectException: java.net.ConnectException: Connection refused (Next retry in 0 milliseconds)
20160229-14:47:08: java.net.ConnectException: java.net.ConnectException: Connection refused (Next retry in 0 milliseconds)
20160229-14:47:09: java.net.ConnectException: java.net.ConnectException: Connection refused (Next retry in 0 milliseconds)
20160229-14:47:10: java.net.ConnectException: java.net.ConnectException: Connection refused (Next retry in 0 milliseconds)
20160229-14:47:11: java.net.ConnectException: java.net.ConnectException: Connection refused (Next retry in 0 milliseconds)
20160229-14:47:12: java.net.ConnectException: java.net.ConnectException: Connection refused (Next retry in 0 milliseconds)
20160229-14:47:13: java.net.ConnectException: java.net.ConnectException: Connection refused (Next retry in 0 milliseconds)
20160229-14:47:14: java.net.ConnectException: java.net.ConnectException: Connection refused (Next retry in 0 milliseconds)
20160229-14:47:15: java.net.ConnectException: java.net.ConnectException: Connection refused (Next retry in 0 milliseconds)
20160229-14:47:16: java.net.ConnectException: java.net.ConnectException: Connection refused (Next retry in 0 milliseconds)
20160229-14:47:17: java.net.ConnectException: java.net.ConnectException: Connection refused (Next retry in 0 milliseconds)
20160229-14:47:18: java.net.ConnectException: java.net.ConnectException: Connection refused (Next retry in 0 milliseconds)
20160229-14:47:19: java.net.ConnectException: java.net.ConnectException: Connection refused (Next retry in 0 milliseconds)
20160229-14:47:20: java.net.ConnectException: java.net.ConnectException: Connection refused (Next retry in 0 milliseconds)
20160229-14:47:21: java.net.ConnectException: java.net.ConnectException: Connection refused (Next retry in 0 milliseconds)
20160229-14:47:22: java.net.ConnectException: java.net.ConnectException: Connection refused (Next retry in 0 milliseconds)
20160229-14:47:23: java.net.ConnectException: java.net.ConnectException: Connection refused (Next retry in 0 milliseconds)
20160229-14:47:24: java.net.ConnectException: java.net.ConnectException: Connection refused (Next retry in 0 milliseconds)
20160229-14:47:25: java.net.ConnectException: java.net.ConnectException: Connection refused (Next retry in 0 milliseconds)
20160229-14:47:26: java.net.ConnectException: java.net.ConnectException: Connection refused (Next retry in 0 milliseconds)
20160229-14:47:27: java.net.ConnectException: java.net.ConnectException: Connection refused (Next retry in 0 milliseconds)
20160229-14:47:28: java.net.ConnectException: java.net.ConnectException: Connection refused (Next retry in 0 milliseconds)
20160229-14:47:29: java.net.ConnectException: java.net.ConnectException: Connection refused (Next retry in 0 milliseconds)
20160229-14:47:30: java.net.ConnectException: java.net.ConnectException: Connection refused (Next retry in 0 milliseconds)
20160229-14:47:31: java.net.ConnectException: java.net.ConnectException: Connection refused (Next retry in 0 milliseconds)
20160229-14:47:32: java.net.ConnectException: java.net.ConnectException: Connection refused (Next retry in 0 milliseconds)
20160229-14:47:33: java.net.ConnectException: java.net.ConnectException: Connection refused (Next retry in 0 milliseconds)
20160229-14:47:34: java.net.ConnectException: java.net.ConnectException: Connection refused (Next retry in 0 milliseconds)
20160229-14:47:35: java.net.ConnectException: java.net.ConnectException: Connection refused (Next retry in 0 milliseconds)
20160229-14:47:36: java.net.ConnectException: java.net.ConnectException: Connection refused (Next retry in 0 milliseconds)
20160229-14:47:37: java.net.ConnectException: java.net.ConnectException: Connection refused (Next retry in 0 milliseconds)
20160229-14:47:38: java.net.ConnectException: java.net.ConnectException: Connection refused (Next retry in 0 milliseconds)
20160229-14:47:39: java.net.ConnectException: java.net.ConnectException: Connection refused (Next retry in 0 milliseconds)
20160229-14:47:40: java.net.ConnectException: java.net.ConnectException: Connection refused (Next retry in 0 milliseconds)
20160229-14:47:41: java.net.ConnectException: java.net.ConnectException: Connection refused (Next retry in 0 milliseconds)
20160229-14:47:42: java.net.ConnectException: java.net.ConnectException: Connection refused (Next retry in 0 milliseconds)
20160229-14:47:43: java.net.ConnectException: java.net.ConnectException: Connection refused (Next retry in 0 milliseconds)
20160229-14:47:44: java.net.ConnectException: java.net.ConnectException: Connection refused (Next retry in 0 milliseconds)
20160229-14:47:45: java.net.ConnectException: java.net.ConnectException: Connection refused (Next retry in 0 milliseconds)
20160229-14:47:46: java.net.ConnectException: java.net.ConnectException: Connection refused (Next retry in 0 milliseconds)
20160229-14:47:47: java.net.ConnectException: java.net.ConnectException: Connection refused (Next retry in 0 milliseconds)
20160229-14:47:48: java.net.ConnectException: java.net.ConnectException: Connection refused (Next retry in 0 milliseconds)
20160229-14:47:49: java.net.ConnectException: java.net.ConnectException: Connection refused (Next retry in 0 milliseconds)
20160229-14:47:50: java.net.ConnectException: java.net.ConnectException: Connection refused (Next retry in 0 milliseconds)
20160229-14:47:51: java.net.ConnectException: java.net.ConnectException: Connection refused (Next retry in 0 milliseconds)
20160229-14:47:52: java.net.ConnectException: java.net.ConnectException: Connection refused (Next retry in 0 milliseconds)
20160229-14:47:53: java.net.ConnectException: java.net.ConnectException: Connection refused (Next retry in 0 milliseconds)
20160229-14:47:54: java.net.ConnectException: java.net.ConnectException: Connection refused (Next retry in 0 milliseconds)
20160229-14:47:55: java.net.ConnectException: java.net.ConnectException: Connection refused (Next retry in 0 milliseconds)
20160229-14:47:56: java.net.ConnectException: java.net.ConnectException: Connection refused (Next retry in 0 milliseconds)
20160229-14:47:57: java.net.ConnectException: java.net.ConnectException: Connection refused (Next retry in 0 milliseconds)
20160229-14:47:58: java.net.ConnectException: java.net.ConnectException: Connection refused (Next retry in 0 milliseconds)
20160229-14:47:59: java.net.ConnectException: java.net.ConnectException: Connection refused (Next retry in 0 milliseconds)
20160229-14:48:00: java.net.ConnectException: java.net.ConnectException: Connection refused (Next retry in 0 milliseconds)
20160229-14:48:01: java.net.ConnectException: java.net.ConnectException: Connection refused (Next retry in 0 milliseconds)
20160229-14:48:02: java.net.ConnectException: java.net.ConnectException: Connection refused (Next retry in 0 milliseconds)
20160229-14:48:03: java.net.ConnectException: java.net.ConnectException: Connection refused (Next retry in 0 milliseconds)
20160229-14:48:04: java.net.ConnectException: java.net.ConnectException: Connection refused (Next retry in 0 milliseconds)
20160229-14:48:05: java.net.ConnectException: java.net.ConnectException: Connection refused (Next retry in 0 milliseconds)
20160229-14:48:06: java.net.ConnectException: java.net.ConnectException: Connection refused (Next retry in 0 milliseconds)
20160229-14:48:07: java.net.ConnectException: java.net.ConnectException: Connection refused (Next retry in 0 milliseconds)
20160229-14:48:08: java.net.ConnectException: java.net.ConnectException: Connection refused (Next retry in 0 milliseconds)
20160229-14:48:09: java.net.ConnectException: java.net.ConnectException: Connection refused (Next retry in 0 milliseconds)
20160229-14:48:10: java.net.ConnectException: java.net.ConnectException: Connection refused (Next retry in 0 milliseconds)
20160229-14:48:11: java.net.ConnectException: java.net.ConnectException: Connection refused (Next retry in 0 milliseconds)
20160229-14:48:12: java.net.ConnectException: java.net.ConnectException: Connection refused (Next retry in 0 milliseconds)
20160229-14:48:13: java.net.ConnectException: java.net.ConnectException: Connection refused (Next retry in 0 milliseconds)
20160229-14:48:14: java.net.ConnectException: java.net.ConnectException: Connection refused (Next retry in 0 milliseconds)
20160229-14:48:15: java.net.ConnectException: java.net.ConnectException: Connection refused (Next retry in 0 milliseconds)
20160229-14:48:16: java.net.ConnectException: java.net.ConnectException: Connection refused (Next retry in 0 milliseconds)
20160229-14:48:17: java.net.ConnectException: java.net.ConnectException: Connection refused (Next retry in 0 milliseconds)
20160229-14:48:18: java.net.ConnectException: java.net.ConnectException: Connection refused (Next retry in 0 milliseconds)
20160229-14:48:19: java.net.ConnectException: java.net.ConnectException: Connection refused (Next retry in 0 milliseconds)
20160229-14:48:20: java.net.ConnectException: java.net.ConnectException: Connection refused (Next retry in 0 milliseconds)
20160229-14:48:21: java.net.ConnectException: java.net.ConnectException: Connection refused (Next retry in 0 milliseconds)
20160229-14:48:22: java.net.ConnectException: java.net.ConnectException: Connection refused (Next retry in 0 milliseconds)
20160229-14:48:23: java.net.ConnectException: java.net.ConnectException: Connection refused (Next retry in 0 milliseconds)
20160229-14:48:24: java.net.ConnectException: java.net.ConnectException: Connection refused (Next retry in 0 milliseconds)
20160229-14:48:25: java.net.ConnectException: java.net.ConnectException: Connection refused (Next retry in 0 milliseconds)
20160229-14:48:26: java.net.ConnectException: java.net.ConnectException: Connection refused (Next retry in 0 milliseconds)
20160229-14:48:27: java.net.ConnectException: java.net.ConnectException: Connection refused (Next retry in 0 milliseconds)
20160229-14:48:28: java.net.ConnectException: java.net.ConnectException: Connection refused (Next retry in 0 milliseconds)
20160229-14:48:29: java.net.ConnectException: java.net.ConnectException: Connection refused (Next retry in 0 milliseconds)
20160229-14:48:30: java.net.ConnectException: java.net.ConnectException: Connection refused (Next retry in 0 milliseconds)
20160229-14:48:31: java.net.ConnectException: java.net.ConnectException: Connection refused (Next retry in 0 milliseconds)
20160229-14:48:32: java.net.ConnectException: java.net.ConnectException: Connection refused (Next retry in 0 milliseconds)
20160229-14:48:33: java.net.ConnectException: java.net.ConnectException: Connection refused (Next retry in 0 milliseconds)
20160229-14:48:34: java.net.ConnectException: java.net.ConnectException: Connection refused (Next retry in 0 milliseconds)
20160229-14:48:35: java.net.ConnectException: java.net.ConnectException: Connection refused (Next retry in 0 milliseconds)
20160229-14:48:36: java.net.ConnectException: java.net.ConnectException: Connection refused (Next retry in 0 milliseconds)
20160229-14:48:37: java.net.ConnectException: java.net.ConnectException: Connection refused (Next retry in 0 milliseconds)
20160229-14:48:38: java.net.ConnectException: java.net.ConnectException: Connection refused (Next retry in 0 milliseconds)
20160229-14:48:39: java.net.ConnectException: java.net.ConnectException: Connection refused (Next retry in 0 milliseconds)
20160229-14:48:40: java.net.ConnectException: java.net.ConnectException: Connection refused (Next retry in 0 milliseconds)
20160229-14:48:41: java.net.ConnectException: java.net.ConnectException: Connection refused (Next retry in 0 milliseconds)
20160229-14:48:42: java.net.ConnectException: java.net.ConnectException: Connection refused (Next retry in 0 milliseconds)
20160229-14:48:43: java.net.ConnectException: java.net.ConnectException: Connection refused (Next retry in 0 milliseconds)
20160229-14:48:44: java.net.ConnectException: java.net.ConnectException: Connection refused (Next retry in 0 milliseconds)
20160229-14:48:45: java.net.ConnectException: java.net.ConnectException: Connection refused (Next retry in 0 milliseconds)
20160229-14:48:46: java.net.ConnectException: java.net.ConnectException: Connection refused (Next retry in 0 milliseconds)
20160229-14:48:47: java.net.ConnectException: java.net.ConnectException: Connection refused (Next retry in 0 milliseconds)
20160229-14:48:48: java.net.ConnectException: java.net.ConnectException: Connection refused (Next retry in 0 milliseconds)
20160229-14:48:49: java.net.ConnectException: java.net.ConnectException: Connection refused (Next retry in 0 milliseconds)
20160229-14:48:50: java.net.ConnectException: java.net.ConnectException: Connection refused (Next retry in 0 milliseconds)
20160229-14:48:51: java.net.ConnectException: java.net.ConnectException: Connection refused (Next retry in 0 milliseconds)
20160229-14:48:52: java.net.ConnectException: java.net.ConnectException: Connection refused (Next retry in 0 milliseconds)
20160229-14:48:53: java.net.ConnectException: java.net.ConnectException: Connection refused (Next retry in 0 milliseconds)
20160229-14:48:54: java.net.ConnectException: java.net.ConnectException: Connection refused (Next retry in 0 milliseconds)
20160229-14:48:55: java.net.ConnectException: java.net.ConnectException: Connection refused (Next retry in 0 milliseconds)
20160229-14:48:56: java.net.ConnectException: java.net.ConnectException: Connection refused (Next retry in 0 milliseconds)
20160229-14:48:57: java.net.ConnectException: java.net.ConnectException: Connection refused (Next retry in 0 milliseconds)
20160229-14:48:58: java.net.ConnectException: java.net.ConnectException: Connection refused (Next retry in 0 milliseconds)
20160229-14:48:59: java.net.ConnectException: java.net.ConnectException: Connection refused (Next retry in 0 milliseconds)
20160229-14:49:00: java.net.ConnectException: java.net.ConnectException: Connection refused (Next retry in 0 milliseconds)
20160229-14:49:01: java.net.ConnectException: java.net.ConnectException: Connection refused (Next retry in 0 milliseconds)
20160229-14:49:02: java.net.ConnectException: java.net.ConnectException: Connection refused (Next retry in 0 milliseconds)
20160229-14:49:03: java.net.ConnectException: java.net.ConnectException: Connection refused (Next retry in 0 milliseconds)
20160229-14:49:04: java.net.ConnectException: java.net.ConnectException: Connection refused (Next retry in 0 milliseconds)
20160229-14:49:05: java.net.ConnectException: java.net.ConnectException: Connection refused (Next retry in 0 milliseconds)
20160229-14:49:06: java.net.ConnectException: java.net.ConnectException: Connection refused (Next retry in 0 milliseconds)
20160229-14:49:07: java.net.ConnectException: java.net.ConnectException: Connection refused (Next retry in 0 milliseconds)
20160229-14:49:08: java.net.ConnectException: java.net.ConnectException: Connection refused (Next retry in 0 milliseconds)
20160229-14:49:09: java.net.ConnectException: java.net.ConnectException: Connection refused (Next retry in 0 milliseconds)
20160229-14:49:10: java.net.ConnectException: java.net.ConnectException: Connection refused (Next retry in 0 milliseconds)
20160229-14:49:11: java.net.ConnectException: java.net.ConnectException: Connection refused (Next retry in 0 milliseconds)
20160229-14:49:12: java.net.ConnectException: java.net.ConnectException: Connection refused (Next retry in 0 milliseconds)
20160229-14:49:13: java.net.ConnectException: java.net.ConnectException: Connection refused (Next retry in 0 milliseconds)
20160229-14:49:14: java.net.ConnectException: java.net.ConnectException: Connection refused (Next retry in 0 milliseconds)
20160229-14:49:15: java.net.ConnectException: java.net.ConnectException: Connection refused (Next retry in 0 milliseconds)
20160229-14:49:16: java.net.ConnectException: java.net.ConnectException: Connection refused (Next retry in 0 milliseconds)
20160229-14:49:17: java.net.ConnectException: java.net.ConnectException: Connection refused (Next retry in 0 milliseconds)
20160229-14:49:18: java.net.ConnectException: java.net.ConnectException: Connection refused (Next retry in 0 milliseconds)
20160229-14:49:19: java.net.ConnectException: java.net.ConnectException: Connection refused (Next retry in 0 milliseconds)
20160229-14:49:20: java.net.ConnectException: java.net.ConnectException: Connection refused (Next retry in 0 milliseconds)
20160229-14:49:21: java.net.ConnectException: java.net.ConnectException: Connection refused (Next retry in 0 milliseconds)
20160229-14:49:22: java.net.ConnectException: java.net.ConnectException: Connection refused (Next retry in 0 milliseconds)
20160229-14:49:23: java.net.ConnectException: java.net.ConnectException: Connection refused (Next retry in 0 milliseconds)
20160229-14:49:24: java.net.ConnectException: java.net.ConnectException: Connection refused (Next retry in 0 milliseconds)
20160229-14:49:25: java.net.ConnectException: java.net.ConnectException: Connection refused (Next retry in 0 milliseconds)
20160229-14:49:26: java.net.ConnectException: java.net.ConnectException: Connection refused (Next retry in 0 milliseconds)
20160229-14:49:27: java.net.ConnectException: java.net.ConnectException: Connection refused (Next retry in 0 milliseconds)
20160229-14:49:28: java.net.ConnectException: java.net.ConnectException: Connection refused (Next retry in 0 milliseconds)
20160229-14:49:29: java.net.ConnectException: java.net.ConnectException: Connection refused (Next retry in 0 milliseconds)
20160229-14:49:30: java.net.ConnectException: java.net.ConnectException: Connection refused (Next retry in 0 milliseconds)
20160229-14:49:31: java.net.ConnectException: java.net.ConnectException: Connection refused (Next retry in 0 milliseconds)
20160229-14:49:32: java.net.ConnectException: java.net.ConnectException: Connection refused (Next retry in 0 milliseconds)
20160229-14:49:33: java.net.ConnectException: java.net.ConnectException: Connection refused (Next retry in 0 milliseconds)
20160229-14:49:34: java.net.ConnectException: java.net.ConnectException: Connection refused (Next retry in 0 milliseconds)
20160229-14:49:35: java.net.ConnectException: java.net.ConnectException: Connection refused (Next retry in 0 milliseconds)
20160229-14:49:36: java.net.ConnectException: java.net.ConnectException: Connection refused (Next retry in 0 milliseconds)
20160229-14:49:37: java.net.ConnectException: java.net.ConnectException: Connection refused (Next retry in 0 milliseconds)
20160229-14:49:38: java.net.ConnectException: java.net.ConnectException: Connection refused (Next retry in 0 milliseconds)
20160229-14:49:39: java.net.ConnectException: java.net.ConnectException: Connection refused (Next retry in 0 milliseconds)
20160229-14:49:40: java.net.ConnectException: java.net.ConnectException: Connection refused (Next retry in 0 milliseconds)
20160229-14:49:41: java.net.ConnectException: java.net.ConnectException: Connection refused (Next retry in 0 milliseconds)
20160229-14:49:42: java.net.ConnectException: java.net.ConnectException: Connection refused (Next retry in 0 milliseconds)
20160229-14:49:43: java.net.ConnectException: java.net.ConnectException: Connection refused (Next retry in 0 milliseconds)
20160229-14:49:44: java.net.ConnectException: java.net.ConnectException: Connection refused (Next retry in 0 milliseconds)
20160229-14:49:45: java.net.ConnectException: java.net.ConnectException: Connection refused (Next retry in 0 milliseconds)
20160229-14:49:46: java.net.ConnectException: java.net.ConnectException: Connection refused (Next retry in 0 milliseconds)
20160229-14:49:47: java.net.ConnectException: java.net.ConnectException: Connection refused (Next retry in 0 milliseconds)
20160229-14:49:48: java.net.ConnectException: java.net.ConnectException: Connection refused (Next retry in 0 milliseconds)
20160229-14:49:49: java.net.ConnectException: java.net.ConnectException: Connection refused (Next retry in 0 milliseconds)
20160229-14:49:50: java.net.ConnectException: java.net.ConnectException: Connection refused (Next retry in 0 milliseconds)
20160229-14:49:51: java.net.ConnectException: java.net.ConnectException: Connection refused (Next retry in 0 milliseconds)
20160229-14:49:52: java.net.ConnectException: java.net.ConnectException: Connection refused (Next retry in 0 milliseconds)
20160229-14:49:53: java.net.ConnectException: java.net.ConnectException: Connection refused (Next retry in 0 milliseconds)
20160229-14:49:54: java.net.ConnectException: java.net.ConnectException: Connection refused (Next retry in 0 milliseconds)
20160229-14:49:55: java.net.ConnectException: java.net.ConnectException: Connection refused (Next retry in 0 milliseconds)
20160229-14:49:56: java.net.ConnectException: java.net.ConnectException: Connection refused (Next retry in 0 milliseconds)
20160229-14:49:57: java.net.ConnectException: java.net.ConnectException: Connection refused (Next retry in 0 milliseconds)
20160229-14:49:58: java.net.ConnectException: java.net.ConnectException: Connection refused (Next retry in 0 milliseconds)
20160229-14:49:59: java.net.ConnectException: java.net.ConnectException: Connection refused (Next retry in 0 milliseconds)
20160229-14:50:00: java.net.ConnectException: java.net.ConnectException: Connection refused (Next retry in 0 milliseconds)
20160229-14:50:01: java.net.ConnectException: java.net.ConnectException: Connection refused (Next retry in 0 milliseconds)
20160229-14:50:02: java.net.ConnectException: java.net.ConnectException: Connection refused (Next retry in 0 milliseconds)
20160229-14:50:03: java.net.ConnectException: java.net.ConnectException: Connection refused (Next retry in 0 milliseconds)
20160229-14:50:04: java.net.ConnectException: java.net.ConnectException: Connection refused (Next retry in 0 milliseconds)
20160229-14:50:05: java.net.ConnectException: java.net.ConnectException: Connection refused (Next retry in 0 milliseconds)
20160229-14:50:06: java.net.ConnectException: java.net.ConnectException: Connection refused (Next retry in 0 milliseconds)
20160229-14:50:07: java.net.ConnectException: java.net.ConnectException: Connection refused (Next retry in 0 milliseconds)
20160229-14:50:08: java.net.ConnectException: java.net.ConnectException: Connection refused (Next retry in 0 milliseconds)
20160229-14:50:09: java.net.ConnectException: java.net.ConnectException: Connection refused (Next retry in 0 milliseconds)
20160229-14:50:10: java.net.ConnectException: java.net.ConnectException: Connection refused (Next retry in 0 milliseconds)
20160229-14:50:11: java.net.ConnectException: java.net.ConnectException: Connection refused (Next retry in 0 milliseconds)
20160229-14:50:12: java.net.ConnectException: java.net.ConnectException: Connection refused (Next retry in 0 milliseconds)
20160229-14:50:13: java.net.ConnectException: java.net.ConnectException: Connection refused (Next retry in 0 milliseconds)
20160229-14:50:14: java.net.ConnectException: java.net.ConnectException: Connection refused (Next retry in 0 milliseconds)
20160229-14:50:15: java.net.ConnectException: java.net.ConnectException: Connection refused (Next retry in 0 milliseconds)
20160229-14:50:16: java.net.ConnectException: java.net.ConnectException: Connection refused (Next retry in 0 milliseconds)
20160229-14:50:17: java.net.ConnectException: java.net.ConnectException: Connection refused (Next retry in 0 milliseconds)
20160229-14:50:18: java.net.ConnectException: java.net.ConnectException: Connection refused (Next retry in 0 milliseconds)
20160229-14:50:19: java.net.ConnectException: java.net.ConnectException: Connection refused (Next retry in 0 milliseconds)
20160229-14:50:20: java.net.ConnectException: java.net.ConnectException: Connection refused (Next retry in 0 milliseconds)
20160229-14:50:21: java.net.ConnectException: java.net.ConnectException: Connection refused (Next retry in 0 milliseconds)
20160229-14:50:22: java.net.ConnectException: java.net.ConnectException: Connection refused (Next retry in 0 milliseconds)
20160229-14:50:23: java.net.ConnectException: java.net.ConnectException: Connection refused (Next retry in 0 milliseconds)
20160229-14:50:24: java.net.ConnectException: java.net.ConnectException: Connection refused (Next retry in 0 milliseconds)
20160229-14:50:25: java.net.ConnectException: java.net.ConnectException: Connection refused (Next retry in 0 milliseconds)
20160229-14:50:26: java.net.ConnectException: java.net.ConnectException: Connection refused (Next retry in 0 milliseconds)
20160229-14:50:27: java.net.ConnectException: java.net.ConnectException: Connection refused (Next retry in 0 milliseconds)
20160229-14:50:28: java.net.ConnectException: java.net.ConnectException: Connection refused (Next retry in 0 milliseconds)
20160229-14:50:29: java.net.ConnectException: java.net.ConnectException: Connection refused (Next retry in 0 milliseconds)
20160229-14:50:30: java.net.ConnectException: java.net.ConnectException: Connection refused (Next retry in 0 milliseconds)
20160229-14:50:31: java.net.ConnectException: java.net.ConnectException: Connection refused (Next retry in 0 milliseconds)
20160229-14:50:32: java.net.ConnectException: java.net.ConnectException: Connection refused (Next retry in 0 milliseconds)
20160229-14:50:33: java.net.ConnectException: java.net.ConnectException: Connection refused (Next retry in 0 milliseconds)
20160229-14:50:34: java.net.ConnectException: java.net.ConnectException: Connection refused (Next retry in 0 milliseconds)
20160229-14:50:35: java.net.ConnectException: java.net.ConnectException: Connection refused (Next retry in 0 milliseconds)
20160229-14:50:36: java.net.ConnectException: java.net.ConnectException: Connection refused (Next retry in 0 milliseconds)
20160229-14:50:37: java.net.ConnectException: java.net.ConnectException: Connection refused (Next retry in 0 milliseconds)
20160229-14:50:38: java.net.ConnectException: java.net.ConnectException: Connection refused (Next retry in 0 milliseconds)
20160229-14:50:39: java.net.ConnectException: java.net.ConnectException: Connection refused (Next retry in 0 milliseconds)
20160229-14:50:40: java.net.ConnectException: java.net.ConnectException: Connection refused (Next retry in 0 milliseconds)
20160229-14:50:41: java.net.ConnectException: java.net.ConnectException: Connection refused (Next retry in 0 milliseconds)
20160229-14:50:42: java.net.ConnectException: java.net.ConnectException: Connection refused (Next retry in 0 milliseconds)
20160229-14:50:43: java.net.ConnectException: java.net.ConnectException: Connection refused (Next retry in 0 milliseconds)
20160229-14:50:44: java.net.ConnectException: java.net.ConnectException: Connection refused (Next retry in 0 milliseconds)
20160229-14:50:45: java.net.ConnectException: java.net.ConnectException: Connection refused (Next retry in 0 milliseconds)
20160229-14:50:46: java.net.ConnectException: java.net.ConnectException: Connection refused (Next retry in 0 milliseconds)
20160229-14:50:47: java.net.ConnectException: java.net.ConnectException: Connection refused (Next retry in 0 milliseconds)
20160229-14:50:48: java.net.ConnectException: java.net.ConnectException: Connection refused (Next retry in 0 milliseconds)
20160229-14:50:49: java.net.ConnectException: java.net.ConnectException: Connection refused (Next retry in 0 milliseconds)
20160229-14:50:50: java.net.ConnectException: java.net.ConnectException: Connection refused (Next retry in 0 milliseconds)
20160229-14:50:51: java.net.ConnectException: java.net.ConnectException: Connection refused (Next retry in 0 milliseconds)
20160229-14:50:52: java.net.ConnectException: java.net.ConnectException: Connection refused (Next retry in 0 milliseconds)
20160229-14:50:53: java.net.ConnectException: java.net.ConnectException: Connection refused (Next retry in 0 milliseconds)
20160229-14:50:54: java.net.ConnectException: java.net.ConnectException: Connection refused (Next retry in 0 milliseconds)
20160229-14:50:55: java.net.ConnectException: java.net.ConnectException: Connection refused (Next retry in 0 milliseconds)
20160229-14:50:56: java.net.ConnectException: java.net.ConnectException: Connection refused (Next retry in 0 milliseconds)
20160229-14:50:57: java.net.ConnectException: java.net.ConnectException: Connection refused (Next retry in 0 milliseconds)
20160229-14:50:58: java.net.ConnectException: java.net.ConnectException: Connection refused (Next retry in 0 milliseconds)
20160229-14:50:59: java.net.ConnectException: java.net.ConnectException: Connection refused (Next retry in 0 milliseconds)
20160229-14:51:00: java.net.ConnectException: java.net.ConnectException: Connection refused (Next retry in 0 milliseconds)
20160229-14:51:01: java.net.ConnectException: java.net.ConnectException: Connection refused (Next retry in 0 milliseconds)
20160229-14:51:02: java.net.ConnectException: java.net.ConnectException: Connection refused (Next retry in 0 milliseconds)
20160229-14:51:03: java.net.ConnectException: java.net.ConnectException: Connection refused (Next retry in 0 milliseconds)
20160229-14:51:04: java.net.ConnectException: java.net.ConnectException: Connection refused (Next retry in 0 milliseconds)
20160229-14:51:05: java.net.ConnectException: java.net.ConnectException: Connection refused (Next retry in 0 milliseconds)
20160229-14:51:06: java.net.ConnectException: java.net.ConnectException: Connection refused (Next retry in 0 milliseconds)
20160229-14:51:07: java.net.ConnectException: java.net.ConnectException: Connection refused (Next retry in 0 milliseconds)
20160229-14:51:08: java.net.ConnectException: java.net.ConnectException: Connection refused (Next retry in 0 milliseconds)
20160229-14:51:09: java.net.ConnectException: java.net.ConnectException: Connection refused (Next retry in 0 milliseconds)
20160229-14:51:10: java.net.ConnectException: java.net.ConnectException: Connection refused (Next retry in 0 milliseconds)
20160229-14:51:11: java.net.ConnectException: java.net.ConnectException: Connection refused (Next retry in 0 milliseconds)
20160229-14:51:12: java.net.ConnectException: java.net.ConnectException: Connection refused (Next retry in 0 milliseconds)
20160229-14:51:13: java.net.ConnectException: java.net.ConnectException: Connection refused (Next retry in 0 milliseconds)
20160229-14:51:14: java.net.ConnectException: java.net.ConnectException: Connection refused (Next retry in 0 milliseconds)
20160229-14:51:15: java.net.ConnectException: java.net.ConnectException: Connection refused (Next retry in 0 milliseconds)
20160229-14:51:16: java.net.ConnectException: java.net.ConnectException: Connection refused (Next retry in 0 milliseconds)
20160229-14:51:17: java.net.ConnectException: java.net.ConnectException: Connection refused (Next retry in 0 milliseconds)
20160229-14:51:18: java.net.ConnectException: java.net.ConnectException: Connection refused (Next retry in 0 milliseconds)
20160229-14:51:19: java.net.ConnectException: java.net.ConnectException: Connection refused (Next retry in 0 milliseconds)
20160229-14:51:20: java.net.ConnectException: java.net.ConnectException: Connection refused (Next retry in 0 milliseconds)
20160229-14:51:21: java.net.ConnectException: java.net.ConnectException: Connection refused (Next retry in 0 milliseconds)
20160229-14:51:22: java.net.ConnectException: java.net.ConnectException: Connection refused (Next retry in 0 milliseconds)
20160229-14:51:23: java.net.ConnectException: java.net.ConnectException: Connection refused (Next retry in 0 milliseconds)
20160229-14:51:24: java.net.ConnectException: java.net.ConnectException: Connection refused (Next retry in 0 milliseconds)
20160229-14:51:25: java.net.ConnectException: java.net.ConnectException: Connection refused (Next retry in 0 milliseconds)
20160229-14:51:26: java.net.ConnectException: java.net.ConnectException: Connection refused (Next retry in 0 milliseconds)
20160229-14:51:27: java.net.ConnectException: java.net.ConnectException: Connection refused (Next retry in 0 milliseconds)
20160229-14:51:28: java.net.ConnectException: java.net.ConnectException: Connection refused (Next retry in 0 milliseconds)
20160229-14:51:29: java.net.ConnectException: java.net.ConnectException: Connection refused (Next retry in 0 milliseconds)
20160229-14:51:30: java.net.ConnectException: java.net.ConnectException: Connection refused (Next retry in 0 milliseconds)
20160229-14:51:31: java.net.ConnectException: java.net.ConnectException: Connection refused (Next retry in 0 milliseconds)
20160229-14:51:32: java.net.ConnectException: java.net.ConnectException: Connection refused (Next retry in 0 milliseconds)
20160229-14:51:33: java.net.ConnectException: java.net.ConnectException: Connection refused (Next retry in 0 milliseconds)
20160229-14:51:34: java.net.ConnectException: java.net.ConnectException: Connection refused (Next retry in 0 milliseconds)
20160229-14:51:35: java.net.ConnectException: java.net.ConnectException: Connection refused (Next retry in 0 milliseconds)
20160229-14:51:36: java.net.ConnectException: java.net.ConnectException: Connection refused (Next retry in 0 milliseconds)
20160229-14:51:37: java.net.ConnectException: java.net.ConnectException: Connection refused (Next retry in 0 milliseconds)
20160229-14:51:38: java.net.ConnectException: java.net.ConnectException: Connection refused (Next retry in 0 milliseconds)
20160229-14:51:39: java.net.ConnectException: java.net.ConnectException: Connection refused (Next retry in 0 milliseconds)
20160229-14:51:40: java.net.ConnectException: java.net.ConnectException: Connection refused (Next retry in 0 milliseconds)
20160229-14:51:41: java.net.ConnectException: java.net.ConnectException: Connection refused (Next retry in 0 milliseconds)
20160229-14:51:42: java.net.ConnectException: java.net.ConnectException: Connection refused (Next retry in 0 milliseconds)
20160229-14:51:43: java.net.ConnectException: java.net.ConnectException: Connection refused (Next retry in 0 milliseconds)
20160229-14:51:44: java.net.ConnectException: java.net.ConnectException: Connection refused (Next retry in 0 milliseconds)
20160229-14:51:45: java.net.ConnectException: java.net.ConnectException: Connection refused (Next retry in 0 milliseconds)
20160229-14:51:46: java.net.ConnectException: java.net.ConnectException: Connection refused (Next retry in 0 milliseconds)
20160229-14:51:47: java.net.ConnectException: java.net.ConnectException: Connection refused (Next retry in 0 milliseconds)
20160229-14:51:48: java.net.ConnectException: java.net.ConnectException: Connection refused (Next retry in 0 milliseconds)
20160229-14:51:49: java.net.ConnectException: java.net.ConnectException: Connection refused (Next retry in 0 milliseconds)
20160229-14:51:50: java.net.ConnectException: java.net.ConnectException: Connection refused (Next retry in 0 milliseconds)
20160229-14:51:51: java.net.ConnectException: java.net.ConnectException: Connection refused (Next retry in 0 milliseconds)
20160229-14:51:52: java.net.ConnectException: java.net.ConnectException: Connection refused (Next retry in 0 milliseconds)
20160229-14:51:53: java.net.ConnectException: java.net.ConnectException: Connection refused (Next retry in 0 milliseconds)
20160229-14:51:54: java.net.ConnectException: java.net.ConnectException: Connection refused (Next retry in 0 milliseconds)
20160229-14:51:55: java.net.ConnectException: java.net.ConnectException: Connection refused (Next retry in 0 milliseconds)
20160229-14:51:56: java.net.ConnectException: java.net.ConnectException: Connection refused (Next retry in 0 milliseconds)
20160229-14:51:57: java.net.ConnectException: java.net.ConnectException: Connection refused (Next retry in 0 milliseconds)
20160229-14:51:58: java.net.ConnectException: java.net.ConnectException: Connection refused (Next retry in 0 milliseconds)
20160229-14:51:59: java.net.ConnectException: java.net.ConnectException: Connection refused (Next retry in 0 milliseconds)
20160229-14:52:00: java.net.ConnectException: java.net.ConnectException: Connection refused (Next retry in 0 milliseconds)
20160229-14:52:01: java.net.ConnectException: java.net.ConnectException: Connection refused (Next retry in 0 milliseconds)
20160229-14:52:02: java.net.ConnectException: java.net.ConnectException: Connection refused (Next retry in 0 milliseconds)
20160229-14:52:03: java.net.ConnectException: java.net.ConnectException: Connection refused (Next retry in 0 milliseconds)
20160229-14:52:04: java.net.ConnectException: java.net.ConnectException: Connection refused (Next retry in 0 milliseconds)
20160229-14:52:05: java.net.ConnectException: java.net.ConnectException: Connection refused (Next retry in 0 milliseconds)
20160229-14:52:06: java.net.ConnectException: java.net.ConnectException: Connection refused (Next retry in 0 milliseconds)
20160229-14:52:07: java.net.ConnectException: java.net.ConnectException: Connection refused (Next retry in 0 milliseconds)
20160229-14:52:08: java.net.ConnectException: java.net.ConnectException: Connection refused (Next retry in 0 milliseconds)
20160229-14:52:09: java.net.ConnectException: java.net.ConnectException: Connection refused (Next retry in 0 milliseconds)
20160229-14:52:10: java.net.ConnectException: java.net.ConnectException: Connection refused (Next retry in 0 milliseconds)
20160229-14:52:11: java.net.ConnectException: java.net.ConnectException: Connection refused (Next retry in 0 milliseconds)
20160229-14:52:12: java.net.ConnectException: java.net.ConnectException: Connection refused (Next retry in 0 milliseconds)
20160229-14:52:13: java.net.ConnectException: java.net.ConnectException: Connection refused (Next retry in 0 milliseconds)
20160229-14:52:14: java.net.ConnectException: java.net.ConnectException: Connection refused (Next retry in 0 milliseconds)
20160229-14:52:15: java.net.ConnectException: java.net.ConnectException: Connection refused (Next retry in 0 milliseconds)
20160229-14:52:16: java.net.ConnectException: java.net.ConnectException: Connection refused (Next retry in 0 milliseconds)
20160229-14:52:17: java.net.ConnectException: java.net.ConnectException: Connection refused (Next retry in 0 milliseconds)
20160229-14:52:18: java.net.ConnectException: java.net.ConnectException: Connection refused (Next retry in 0 milliseconds)
20160229-14:52:19: java.net.ConnectException: java.net.ConnectException: Connection refused (Next retry in 0 milliseconds)
20160229-14:52:20: java.net.ConnectException: java.net.ConnectException: Connection refused (Next retry in 0 milliseconds)
20160229-14:52:21: java.net.ConnectException: java.net.ConnectException: Connection refused (Next retry in 0 milliseconds)
20160229-14:52:22: java.net.ConnectException: java.net.ConnectException: Connection refused (Next retry in 0 milliseconds)
20160229-14:52:23: java.net.ConnectException: java.net.ConnectException: Connection refused (Next retry in 0 milliseconds)
20160229-14:52:24: java.net.ConnectException: java.net.ConnectException: Connection refused (Next retry in 0 milliseconds)
20160229-14:52:25: java.net.ConnectException: java.net.ConnectException: Connection refused (Next retry in 0 milliseconds)
20160229-14:52:26: java.net.ConnectException: java.net.ConnectException: Connection refused (Next retry in 0 milliseconds)
20160229-14:52:27: java.net.ConnectException: java.net.ConnectException: Connection refused (Next retry in 0 milliseconds)
20160229-14:52:28: java.net.ConnectException: java.net.ConnectException: Connection refused (Next retry in 0 milliseconds)
20160229-14:52:29: java.net.ConnectException: java.net.ConnectException: Connection refused (Next retry in 0 milliseconds)
20160229-14:52:30: java.net.ConnectException: java.net.ConnectException: Connection refused (Next retry in 0 milliseconds)
20160229-14:52:31: java.net.ConnectException: java.net.ConnectException: Connection refused (Next retry in 0 milliseconds)
20160229-14:52:32: java.net.ConnectException: java.net.ConnectException: Connection refused (Next retry in 0 milliseconds)
20160229-14:52:33: java.net.ConnectException: java.net.ConnectException: Connection refused (Next retry in 0 milliseconds)
20160229-14:52:34: java.net.ConnectException: java.net.ConnectException: Connection refused (Next retry in 0 milliseconds)
20160229-14:52:35: java.net.ConnectException: java.net.ConnectException: Connection refused (Next retry in 0 milliseconds)
20160229-14:52:36: java.net.ConnectException: java.net.ConnectException: Connection refused (Next retry in 0 milliseconds)
20160229-14:52:37: java.net.ConnectException: java.net.ConnectException: Connection refused (Next retry in 0 milliseconds)
20160229-14:52:38: java.net.ConnectException: java.net.ConnectException: Connection refused (Next retry in 0 milliseconds)
20160229-14:52:39: java.net.ConnectException: java.net.ConnectException: Connection refused (Next retry in 0 milliseconds)
20160229-14:52:40: java.net.ConnectException: java.net.ConnectException: Connection refused (Next retry in 0 milliseconds)
20160229-14:52:41: java.net.ConnectException: java.net.ConnectException: Connection refused (Next retry in 0 milliseconds)
20160229-14:52:42: java.net.ConnectException: java.net.ConnectException: Connection refused (Next retry in 0 milliseconds)
20160229-14:52:43: java.net.ConnectException: java.net.ConnectException: Connection refused (Next retry in 0 milliseconds)
20160229-14:52:44: java.net.ConnectException: java.net.ConnectException: Connection refused (Next retry in 0 milliseconds)
20160229-14:52:45: java.net.ConnectException: java.net.ConnectException: Connection refused (Next retry in 0 milliseconds)
20160229-14:52:46: java.net.ConnectException: java.net.ConnectException: Connection refused (Next retry in 0 milliseconds)
20160229-14:52:47: java.net.ConnectException: java.net.ConnectException: Connection refused (Next retry in 0 milliseconds)
20160229-14:52:48: java.net.ConnectException: java.net.ConnectException: Connection refused (Next retry in 0 milliseconds)
20160229-14:52:49: java.net.ConnectException: java.net.ConnectException: Connection refused (Next retry in 0 milliseconds)
20160229-14:52:50: java.net.ConnectException: java.net.ConnectException: Connection refused (Next retry in 0 milliseconds)
20160229-14:52:51: java.net.ConnectException: java.net.ConnectException: Connection refused (Next retry in 0 milliseconds)
20160229-14:52:52: java.net.ConnectException: java.net.ConnectException: Connection refused (Next retry in 0 milliseconds)
20160229-14:52:53: java.net.ConnectException: java.net.ConnectException: Connection refused (Next retry in 0 milliseconds)
20160229-14:52:54: java.net.ConnectException: java.net.ConnectException: Connection refused (Next retry in 0 milliseconds)
20160229-14:52:55: java.net.ConnectException: java.net.ConnectException: Connection refused (Next retry in 0 milliseconds)
20160229-14:52:56: java.net.ConnectException: java.net.ConnectException: Connection refused (Next retry in 0 milliseconds)
20160229-14:52:57: java.net.ConnectException: java.net.ConnectException: Connection refused (Next retry in 0 milliseconds)
20160229-14:52:58: java.net.ConnectException: java.net.ConnectException: Connection refused (Next retry in 0 milliseconds)
20160229-14:52:59: java.net.ConnectException: java.net.ConnectException: Connection refused (Next retry in 0 milliseconds)
20160229-14:53:00: java.net.ConnectException: java.net.ConnectException: Connection refused (Next retry in 0 milliseconds)
20160229-14:53:01: java.net.ConnectException: java.net.ConnectException: Connection refused (Next retry in 0 milliseconds)
20160229-14:53:02: java.net.ConnectException: java.net.ConnectException: Connection refused (Next retry in 0 milliseconds)
20160229-14:53:03: java.net.ConnectException: java.net.ConnectException: Connection refused (Next retry in 0 milliseconds)
20160229-14:53:04: java.net.ConnectException: java.net.ConnectException: Connection refused (Next retry in 0 milliseconds)
20160229-14:53:05: java.net.ConnectException: java.net.ConnectException: Connection refused (Next retry in 0 milliseconds)
20160229-14:53:06: java.net.ConnectException: java.net.ConnectException: Connection refused (Next retry in 0 milliseconds)
20160229-14:53:07: java.net.ConnectException: java.net.ConnectException: Connection refused (Next retry in 0 milliseconds)
20160229-14:53:08: java.net.ConnectException: java.net.ConnectException: Connection refused (Next retry in 0 milliseconds)
20160229-14:53:09: java.net.ConnectException: java.net.ConnectException: Connection refused (Next retry in 0 milliseconds)
20160229-14:53:10: java.net.ConnectException: java.net.ConnectException: Connection refused (Next retry in 0 milliseconds)
20160229-14:53:11: java.net.ConnectException: java.net.ConnectException: Connection refused (Next retry in 0 milliseconds)
20160229-14:53:12: java.net.ConnectException: java.net.ConnectException: Connection refused (Next retry in 0 milliseconds)
20160229-14:53:13: java.net.ConnectException: java.net.ConnectException: Connection refused (Next retry in 0 milliseconds)
20160229-14:53:14: java.net.ConnectException: java.net.ConnectException: Connection refused (Next retry in 0 milliseconds)
20160229-14:53:15: java.net.ConnectException: java.net.ConnectException: Connection refused (Next retry in 0 milliseconds)
20160229-14:53:16: java.net.ConnectException: java.net.ConnectException: Connection refused (Next retry in 0 milliseconds)
20160229-14:53:17: java.net.ConnectException: java.net.ConnectException: Connection refused (Next retry in 0 milliseconds)
20160229-14:53:18: java.net.ConnectException: java.net.ConnectException: Connection refused (Next retry in 0 milliseconds)
20160229-14:53:19: java.net.ConnectException: java.net.ConnectException: Connection refused (Next retry in 0 milliseconds)
20160229-14:53:20: java.net.ConnectException: java.net.ConnectException: Connection refused (Next retry in 0 milliseconds)
20160229-14:53:21: java.net.ConnectException: java.net.ConnectException: Connection refused (Next retry in 0 milliseconds)
20160229-14:53:22: java.net.ConnectException: java.net.ConnectException: Connection refused (Next retry in 0 milliseconds)
20160229-14:53:23: java.net.ConnectException: java.net.ConnectException: Connection refused (Next retry in 0 milliseconds)
20160229-14:53:24: java.net.ConnectException: java.net.ConnectException: Connection refused (Next retry in 0 milliseconds)
20160229-14:53:25: java.net.ConnectException: java.net.ConnectException: Connection refused (Next retry in 0 milliseconds)
20160229-14:53:26: java.net.ConnectException: java.net.ConnectException: Connection refused (Next retry in 0 milliseconds)
20160229-14:53:27: java.net.ConnectException: java.net.ConnectException: Connection refused (Next retry in 0 milliseconds)
20160229-14:53:28: java.net.ConnectException: java.net.ConnectException: Connection refused (Next retry in 0 milliseconds)
20160229-14:53:29: java.net.ConnectException: java.net.ConnectException: Connection refused (Next retry in 0 milliseconds)
20160229-14:53:30: java.net.ConnectException: java.net.ConnectException: Connection refused (Next retry in 0 milliseconds)
20160229-14:53:31: java.net.ConnectException: java.net.ConnectException: Connection refused (Next retry in 0 milliseconds)
20160229-14:53:32: java.net.ConnectException: java.net.ConnectException: Connection refused (Next retry in 0 milliseconds)
20160229-14:53:33: java.net.ConnectException: java.net.ConnectException: Connection refused (Next retry in 0 milliseconds)
20160229-14:53:34: java.net.ConnectException: java.net.ConnectException: Connection refused (Next retry in 0 milliseconds)
20160229-14:53:35: java.net.ConnectException: java.net.ConnectException: Connection refused (Next retry in 0 milliseconds)
20160229-14:53:36: java.net.ConnectException: java.net.ConnectException: Connection refused (Next retry in 0 milliseconds)
20160229-14:53:37: java.net.ConnectException: java.net.ConnectException: Connection refused (Next retry in 0 milliseconds)
20160229-14:53:38: java.net.ConnectException: java.net.ConnectException: Connection refused (Next retry in 0 milliseconds)
20160229-14:53:39: java.net.ConnectException: java.net.ConnectException: Connection refused (Next retry in 0 milliseconds)
20160229-14:53:40: java.net.ConnectException: java.net.ConnectException: Connection refused (Next retry in 0 milliseconds)
20160229-14:53:41: java.net.ConnectException: java.net.ConnectException: Connection refused (Next retry in 0 milliseconds)
20160229-14:53:42: java.net.ConnectException: java.net.ConnectException: Connection refused (Next retry in 0 milliseconds)
20160229-14:53:43: java.net.ConnectException: java.net.ConnectException: Connection refused (Next retry in 0 milliseconds)
20160229-14:53:44: java.net.ConnectException: java.net.ConnectException: Connection refused (Next retry in 0 milliseconds)
20160229-14:53:45: java.net.ConnectException: java.net.ConnectException: Connection refused (Next retry in 0 milliseconds)
20160229-14:53:46: java.net.ConnectException: java.net.ConnectException: Connection refused (Next retry in 0 milliseconds)
20160229-14:53:47: java.net.ConnectException: java.net.ConnectException: Connection refused (Next retry in 0 milliseconds)
20160229-14:53:48: java.net.ConnectException: java.net.ConnectException: Connection refused (Next retry in 0 milliseconds)
20160229-14:53:49: java.net.ConnectException: java.net.ConnectException: Connection refused (Next retry in 0 milliseconds)
20160229-14:53:50: java.net.ConnectException: java.net.ConnectException: Connection refused (Next retry in 0 milliseconds)
20160229-14:53:51: java.net.ConnectException: java.net.ConnectException: Connection refused (Next retry in 0 milliseconds)
20160229-14:53:52: java.net.ConnectException: java.net.ConnectException: Connection refused (Next retry in 0 milliseconds)
20160229-14:53:53: java.net.ConnectException: java.net.ConnectException: Connection refused (Next retry in 0 milliseconds)
20160229-14:53:54: java.net.ConnectException: java.net.ConnectException: Connection refused (Next retry in 0 milliseconds)
20160229-14:53:55: java.net.ConnectException: java.net.ConnectException: Connection refused (Next retry in 0 milliseconds)
20160229-14:53:56: java.net.ConnectException: java.net.ConnectException: Connection refused (Next retry in 0 milliseconds)
20160229-14:53:57: java.net.ConnectException: java.net.ConnectException: Connection refused (Next retry in 0 milliseconds)
20160229-14:53:58: java.net.ConnectException: java.net.ConnectException: Connection refused (Next retry in 0 milliseconds)
20160229-14:53:59: java.net.ConnectException: java.net.ConnectException: Connection refused (Next retry in 0 milliseconds)
20160229-14:54:00: java.net.ConnectException: java.net.ConnectException: Connection refused (Next retry in 0 milliseconds)
20160229-14:54:01: java.net.ConnectException: java.net.ConnectException: Connection refused (Next retry in 0 milliseconds)
20160229-14:54:02: java.net.ConnectException: java.net.ConnectException: Connection refused (Next retry in 0 milliseconds)
20160229-14:54:03: java.net.ConnectException: java.net.ConnectException: Connection refused (Next retry in 0 milliseconds)
20160229-14:54:04: java.net.ConnectException: java.net.ConnectException: Connection refused (Next retry in 0 milliseconds)
20160229-14:54:05: java.net.ConnectException: java.net.ConnectException: Connection refused (Next retry in 0 milliseconds)
20160229-14:54:06: java.net.ConnectException: java.net.ConnectException: Connection refused (Next retry in 0 milliseconds)
20160229-14:54:07: java.net.ConnectException: java.net.ConnectException: Connection refused (Next retry in 0 milliseconds)
20160229-14:54:08: java.net.ConnectException: java.net.ConnectException: Connection refused (Next retry in 0 milliseconds)
20160229-14:54:09: java.net.ConnectException: java.net.ConnectException: Connection refused (Next retry in 0 milliseconds)
20160229-14:54:10: java.net.ConnectException: java.net.ConnectException: Connection refused (Next retry in 0 milliseconds)
20160229-14:54:11: java.net.ConnectException: java.net.ConnectException: Connection refused (Next retry in 0 milliseconds)
20160229-14:54:12: java.net.ConnectException: java.net.ConnectException: Connection refused (Next retry in 0 milliseconds)
20160229-14:54:13: java.net.ConnectException: java.net.ConnectException: Connection refused (Next retry in 0 milliseconds)
20160229-14:54:14: java.net.ConnectException: java.net.ConnectException: Connection refused (Next retry in 0 milliseconds)
20160229-14:54:15: java.net.ConnectException: java.net.ConnectException: Connection refused (Next retry in 0 milliseconds)
20160229-14:54:16: java.net.ConnectException: java.net.ConnectException: Connection refused (Next retry in 0 milliseconds)
20160229-14:54:17: java.net.ConnectException: java.net.ConnectException: Connection refused (Next retry in 0 milliseconds)
20160229-14:54:18: java.net.ConnectException: java.net.ConnectException: Connection refused (Next retry in 0 milliseconds)
20160229-14:54:19: java.net.ConnectException: java.net.ConnectException: Connection refused (Next retry in 0 milliseconds)
20160229-14:54:20: java.net.ConnectException: java.net.ConnectException: Connection refused (Next retry in 0 milliseconds)
20160229-14:54:21: java.net.ConnectException: java.net.ConnectException: Connection refused (Next retry in 0 milliseconds)
20160229-14:54:22: java.net.ConnectException: java.net.ConnectException: Connection refused (Next retry in 0 milliseconds)
20160229-14:54:23: java.net.ConnectException: java.net.ConnectException: Connection refused (Next retry in 0 milliseconds)
20160229-14:54:24: java.net.ConnectException: java.net.ConnectException: Connection refused (Next retry in 0 milliseconds)
